# JRE version: OpenJDK Runtime Environment (8.0_232-b09) (build 1.8.0_232-b09)
# Java VM: OpenJDK 64-Bit Server VM (25.232-b09 mixed mode linux-amd64 compressed oops)
Heap:
 PSYoungGen      total 138240K, used 94012K [0x0000000719600000, 0x0000000722c80000, 0x00000007c0000000)
  eden space 125440K, 64% used [0x0000000719600000,0x000000071e550ea0,0x0000000721080000)
  from space 12800K, 99% used [0x0000000721380000,0x0000000721ffe500,0x0000000722000000)
  to   space 12800K, 0% used [0x0000000722000000,0x0000000722000000,0x0000000722c80000)
 ParOldGen       total 341504K, used 56K [0x00000005cc200000, 0x00000005e0f80000, 0x0000000719600000)
  object space 341504K, 0% used [0x00000005cc200000,0x00000005cc20e000,0x00000005e0f80000)
 Metaspace       used 13315K, capacity 13571K, committed 13952K, reserved 1062912K
  class space    used 977K, capacity 1088K, committed 1152K, reserved 1048576K
GC Heap History (10 events):
Event: 3,614 GC heap before
{Heap before GC invocations=1 (full 0):
 PSYoungGen      total 149504K, used 128512K [0x0000000719600000, 0x0000000723c80000, 0x00000007c0000000)
  eden space 128512K, 100% used [0x0000000719600000,0x0000000721380000,0x0000000721380000)
  from space 20992K, 0% used [0x0000000722800000,0x0000000722800000,0x0000000723c80000)
  to   space 20992K, 0% used [0x0000000721380000,0x0000000721380000,0x0000000722800000)
 ParOldGen       total 341504K, used 0K [0x00000005cc200000, 0x00000005e0f80000, 0x0000000719600000)
  object space 341504K, 0% used [0x00000005cc200000,0x00000005cc200000,0x00000005e0f80000)
 Metaspace       used 13205K, capacity 13411K, committed 13696K, reserved 1062912K
  class space    used 971K, capacity 1056K, committed 1152K, reserved 1048576K
Event: 3,620 GC heap after
Heap after GC invocations=1 (full 0):
 PSYoungGen      total 149504K, used 11001K [0x0000000719600000, 0x0000000723c80000, 0x00000007c0000000)
  eden space 128512K, 0% used [0x0000000719600000,0x0000000719600000,0x0000000721380000)
  from space 20992K, 52% used [0x0000000721380000,0x0000000721e3e768,0x0000000722800000)
  to   space 20992K, 0% used [0x0000000722800000,0x0000000722800000,0x0000000723c80000)
 ParOldGen       total 341504K, used 24K [0x00000005cc200000, 0x00000005e0f80000, 0x0000000719600000)
  object space 341504K, 0% used [0x00000005cc200000,0x00000005cc206000,0x00000005e0f80000)
 Metaspace       used 13205K, capacity 13411K, committed 13696K, reserved 1062912K
  class space    used 971K, capacity 1056K, committed 1152K, reserved 1048576K
}
Event: 6,890 GC heap before
{Heap before GC invocations=2 (full 0):
 PSYoungGen      total 149504K, used 139513K [0x0000000719600000, 0x0000000723c80000, 0x00000007c0000000)
  eden space 128512K, 100% used [0x0000000719600000,0x0000000721380000,0x0000000721380000)
  from space 20992K, 52% used [0x0000000721380000,0x0000000721e3e768,0x0000000722800000)
  to   space 20992K, 0% used [0x0000000722800000,0x0000000722800000,0x0000000723c80000)
 ParOldGen       total 341504K, used 24K [0x00000005cc200000, 0x00000005e0f80000, 0x0000000719600000)
  object space 341504K, 0% used [0x00000005cc200000,0x00000005cc206000,0x00000005e0f80000)
 Metaspace       used 13233K, capacity 13475K, committed 13696K, reserved 1062912K
  class space    used 971K, capacity 1056K, committed 1152K, reserved 1048576K
Event: 6,894 GC heap after
Heap after GC invocations=2 (full 0):
 PSYoungGen      total 149504K, used 6585K [0x0000000719600000, 0x0000000723c80000, 0x00000007c0000000)
  eden space 128512K, 0% used [0x0000000719600000,0x0000000719600000,0x0000000721380000)
  from space 20992K, 31% used [0x0000000722800000,0x0000000722e6e510,0x0000000723c80000)
  to   space 20992K, 0% used [0x0000000721380000,0x0000000721380000,0x0000000722800000)
 ParOldGen       total 341504K, used 32K [0x00000005cc200000, 0x00000005e0f80000, 0x0000000719600000)
  object space 341504K, 0% used [0x00000005cc200000,0x00000005cc208000,0x00000005e0f80000)
 Metaspace       used 13233K, capacity 13475K, committed 13696K, reserved 1062912K
  class space    used 971K, capacity 1056K, committed 1152K, reserved 1048576K
}
Event: 10,189 GC heap before
{Heap before GC invocations=3 (full 0):
 PSYoungGen      total 149504K, used 135097K [0x0000000719600000, 0x0000000723c80000, 0x00000007c0000000)
  eden space 128512K, 100% used [0x0000000719600000,0x0000000721380000,0x0000000721380000)
  from space 20992K, 31% used [0x0000000722800000,0x0000000722e6e510,0x0000000723c80000)
  to   space 20992K, 0% used [0x0000000721380000,0x0000000721380000,0x0000000722800000)
 ParOldGen       total 341504K, used 32K [0x00000005cc200000, 0x00000005e0f80000, 0x0000000719600000)
  object space 341504K, 0% used [0x00000005cc200000,0x00000005cc208000,0x00000005e0f80000)
 Metaspace       used 13237K, capacity 13475K, committed 13696K, reserved 1062912K
  class space    used 971K, capacity 1056K, committed 1152K, reserved 1048576K
Event: 10,192 GC heap after
Heap after GC invocations=3 (full 0):
 PSYoungGen      total 149504K, used 8544K [0x0000000719600000, 0x0000000723c80000, 0x00000007c0000000)
  eden space 128512K, 0% used [0x0000000719600000,0x0000000719600000,0x0000000721380000)
  from space 20992K, 40% used [0x0000000721380000,0x0000000721bd8020,0x0000000722800000)
  to   space 20992K, 0% used [0x0000000722800000,0x0000000722800000,0x0000000723c80000)
 ParOldGen       total 341504K, used 40K [0x00000005cc200000, 0x00000005e0f80000, 0x0000000719600000)
  object space 341504K, 0% used [0x00000005cc200000,0x00000005cc20a000,0x00000005e0f80000)
 Metaspace       used 13237K, capacity 13475K, committed 13696K, reserved 1062912K
  class space    used 971K, capacity 1056K, committed 1152K, reserved 1048576K
}
Event: 13,608 GC heap before
{Heap before GC invocations=4 (full 0):
 PSYoungGen      total 149504K, used 137056K [0x0000000719600000, 0x0000000723c80000, 0x00000007c0000000)
  eden space 128512K, 100% used [0x0000000719600000,0x0000000721380000,0x0000000721380000)
  from space 20992K, 40% used [0x0000000721380000,0x0000000721bd8020,0x0000000722800000)
  to   space 20992K, 0% used [0x0000000722800000,0x0000000722800000,0x0000000723c80000)
 ParOldGen       total 341504K, used 40K [0x00000005cc200000, 0x00000005e0f80000, 0x0000000719600000)
  object space 341504K, 0% used [0x00000005cc200000,0x00000005cc20a000,0x00000005e0f80000)
 Metaspace       used 13237K, capacity 13475K, committed 13696K, reserved 1062912K
  class space    used 971K, capacity 1056K, committed 1152K, reserved 1048576K
Event: 13,613 GC heap after
Heap after GC invocations=4 (full 0):
 PSYoungGen      total 149504K, used 10713K [0x0000000719600000, 0x0000000723c80000, 0x00000007c0000000)
  eden space 128512K, 0% used [0x0000000719600000,0x0000000719600000,0x0000000721380000)
  from space 20992K, 51% used [0x0000000722800000,0x0000000723276500,0x0000000723c80000)
  to   space 20992K, 0% used [0x0000000721380000,0x0000000721380000,0x0000000722800000)
 ParOldGen       total 341504K, used 48K [0x00000005cc200000, 0x00000005e0f80000, 0x0000000719600000)
  object space 341504K, 0% used [0x00000005cc200000,0x00000005cc20c000,0x00000005e0f80000)
 Metaspace       used 13237K, capacity 13475K, committed 13696K, reserved 1062912K
  class space    used 971K, capacity 1056K, committed 1152K, reserved 1048576K
}
Event: 19,197 GC heap before
{Heap before GC invocations=5 (full 0):
 PSYoungGen      total 149504K, used 139225K [0x0000000719600000, 0x0000000723c80000, 0x00000007c0000000)
  eden space 128512K, 100% used [0x0000000719600000,0x0000000721380000,0x0000000721380000)
  from space 20992K, 51% used [0x0000000722800000,0x0000000723276500,0x0000000723c80000)
  to   space 20992K, 0% used [0x0000000721380000,0x0000000721380000,0x0000000722800000)
 ParOldGen       total 341504K, used 48K [0x00000005cc200000, 0x00000005e0f80000, 0x0000000719600000)
  object space 341504K, 0% used [0x00000005cc200000,0x00000005cc20c000,0x00000005e0f80000)
 Metaspace       used 13237K, capacity 13475K, committed 13696K, reserved 1062912K
  class space    used 971K, capacity 1056K, committed 1152K, reserved 1048576K
Event: 19,205 GC heap after
Heap after GC invocations=5 (full 0):
 PSYoungGen      total 138240K, used 12793K [0x0000000719600000, 0x0000000722c80000, 0x00000007c0000000)
  eden space 125440K, 0% used [0x0000000719600000,0x0000000719600000,0x0000000721080000)
  from space 12800K, 99% used [0x0000000721380000,0x0000000721ffe500,0x0000000722000000)
  to   space 12800K, 0% used [0x0000000722000000,0x0000000722000000,0x0000000722c80000)
 ParOldGen       total 341504K, used 56K [0x00000005cc200000, 0x00000005e0f80000, 0x0000000719600000)
  object space 341504K, 0% used [0x00000005cc200000,0x00000005cc20e000,0x00000005e0f80000)
 Metaspace       used 13237K, capacity 13475K, committed 13696K, reserved 1062912K
  class space    used 971K, capacity 1056K, committed 1152K, reserved 1048576K
}

