# JRE version: OpenJDK Runtime Environment (8.0_232-b09) (build 1.8.0_232-b09)
# Java VM: OpenJDK 64-Bit Server VM (25.232-b09 mixed mode linux-amd64 compressed oops)
Heap:
 PSYoungGen      total 149504K, used 124511K [0x0000000719600000, 0x0000000723c80000, 0x00000007c0000000)
  eden space 128512K, 91% used [0x0000000719600000,0x0000000720903db8,0x0000000721380000)
  from space 20992K, 32% used [0x0000000721380000,0x0000000721a14040,0x0000000722800000)
  to   space 20992K, 0% used [0x0000000722800000,0x0000000722800000,0x0000000723c80000)
 ParOldGen       total 341504K, used 40K [0x00000005cc200000, 0x00000005e0f80000, 0x0000000719600000)
  object space 341504K, 0% used [0x00000005cc200000,0x00000005cc20a000,0x00000005e0f80000)
 Metaspace       used 13216K, capacity 13473K, committed 13696K, reserved 1062912K
  class space    used 962K, capacity 1055K, committed 1152K, reserved 1048576K
GC Heap History (6 events):
Event: 3,800 GC heap before
{Heap before GC invocations=1 (full 0):
 PSYoungGen      total 149504K, used 128512K [0x0000000719600000, 0x0000000723c80000, 0x00000007c0000000)
  eden space 128512K, 100% used [0x0000000719600000,0x0000000721380000,0x0000000721380000)
  from space 20992K, 0% used [0x0000000722800000,0x0000000722800000,0x0000000723c80000)
  to   space 20992K, 0% used [0x0000000721380000,0x0000000721380000,0x0000000722800000)
 ParOldGen       total 341504K, used 0K [0x00000005cc200000, 0x00000005e0f80000, 0x0000000719600000)
  object space 341504K, 0% used [0x00000005cc200000,0x00000005cc200000,0x00000005e0f80000)
 Metaspace       used 13050K, capacity 13277K, committed 13696K, reserved 1062912K
  class space    used 957K, capacity 1055K, committed 1152K, reserved 1048576K
Event: 3,806 GC heap after
Heap after GC invocations=1 (full 0):
 PSYoungGen      total 149504K, used 10747K [0x0000000719600000, 0x0000000723c80000, 0x00000007c0000000)
  eden space 128512K, 0% used [0x0000000719600000,0x0000000719600000,0x0000000721380000)
  from space 20992K, 51% used [0x0000000721380000,0x0000000721dfedf0,0x0000000722800000)
  to   space 20992K, 0% used [0x0000000722800000,0x0000000722800000,0x0000000723c80000)
 ParOldGen       total 341504K, used 24K [0x00000005cc200000, 0x00000005e0f80000, 0x0000000719600000)
  object space 341504K, 0% used [0x00000005cc200000,0x00000005cc206000,0x00000005e0f80000)
 Metaspace       used 13050K, capacity 13277K, committed 13696K, reserved 1062912K
  class space    used 957K, capacity 1055K, committed 1152K, reserved 1048576K
}
Event: 10,244 GC heap before
{Heap before GC invocations=2 (full 0):
 PSYoungGen      total 149504K, used 139259K [0x0000000719600000, 0x0000000723c80000, 0x00000007c0000000)
  eden space 128512K, 100% used [0x0000000719600000,0x0000000721380000,0x0000000721380000)
  from space 20992K, 51% used [0x0000000721380000,0x0000000721dfedf0,0x0000000722800000)
  to   space 20992K, 0% used [0x0000000722800000,0x0000000722800000,0x0000000723c80000)
 ParOldGen       total 341504K, used 24K [0x00000005cc200000, 0x00000005e0f80000, 0x0000000719600000)
  object space 341504K, 0% used [0x00000005cc200000,0x00000005cc206000,0x00000005e0f80000)
 Metaspace       used 13131K, capacity 13345K, committed 13696K, reserved 1062912K
  class space    used 957K, capacity 1055K, committed 1152K, reserved 1048576K
Event: 10,248 GC heap after
Heap after GC invocations=2 (full 0):
 PSYoungGen      total 149504K, used 5649K [0x0000000719600000, 0x0000000723c80000, 0x00000007c0000000)
  eden space 128512K, 0% used [0x0000000719600000,0x0000000719600000,0x0000000721380000)
  from space 20992K, 26% used [0x0000000722800000,0x0000000722d84758,0x0000000723c80000)
  to   space 20992K, 0% used [0x0000000721380000,0x0000000721380000,0x0000000722800000)
 ParOldGen       total 341504K, used 32K [0x00000005cc200000, 0x00000005e0f80000, 0x0000000719600000)
  object space 341504K, 0% used [0x00000005cc200000,0x00000005cc208000,0x00000005e0f80000)
 Metaspace       used 13131K, capacity 13345K, committed 13696K, reserved 1062912K
  class space    used 957K, capacity 1055K, committed 1152K, reserved 1048576K
}
Event: 22,641 GC heap before
{Heap before GC invocations=3 (full 0):
 PSYoungGen      total 149504K, used 134161K [0x0000000719600000, 0x0000000723c80000, 0x00000007c0000000)
  eden space 128512K, 100% used [0x0000000719600000,0x0000000721380000,0x0000000721380000)
  from space 20992K, 26% used [0x0000000722800000,0x0000000722d84758,0x0000000723c80000)
  to   space 20992K, 0% used [0x0000000721380000,0x0000000721380000,0x0000000722800000)
 ParOldGen       total 341504K, used 32K [0x00000005cc200000, 0x00000005e0f80000, 0x0000000719600000)
  object space 341504K, 0% used [0x00000005cc200000,0x00000005cc208000,0x00000005e0f80000)
 Metaspace       used 13135K, capacity 13345K, committed 13696K, reserved 1062912K
  class space    used 957K, capacity 1055K, committed 1152K, reserved 1048576K
Event: 22,644 GC heap after
Heap after GC invocations=3 (full 0):
 PSYoungGen      total 149504K, used 6736K [0x0000000719600000, 0x0000000723c80000, 0x00000007c0000000)
  eden space 128512K, 0% used [0x0000000719600000,0x0000000719600000,0x0000000721380000)
  from space 20992K, 32% used [0x0000000721380000,0x0000000721a14040,0x0000000722800000)
  to   space 20992K, 0% used [0x0000000722800000,0x0000000722800000,0x0000000723c80000)
 ParOldGen       total 341504K, used 40K [0x00000005cc200000, 0x00000005e0f80000, 0x0000000719600000)
  object space 341504K, 0% used [0x00000005cc200000,0x00000005cc20a000,0x00000005e0f80000)
 Metaspace       used 13135K, capacity 13345K, committed 13696K, reserved 1062912K
  class space    used 957K, capacity 1055K, committed 1152K, reserved 1048576K
}

