# JRE version: OpenJDK Runtime Environment (8.0_232-b09) (build 1.8.0_232-b09)
# Java VM: OpenJDK 64-Bit Server VM (25.232-b09 mixed mode linux-amd64 compressed oops)
Heap:
 PSYoungGen      total 149504K, used 108372K [0x0000000719600000, 0x0000000723c80000, 0x00000007c0000000)
  eden space 128512K, 79% used [0x0000000719600000,0x000000071f94cb58,0x0000000721380000)
  from space 20992K, 31% used [0x0000000722800000,0x0000000722e88728,0x0000000723c80000)
  to   space 20992K, 0% used [0x0000000721380000,0x0000000721380000,0x0000000722800000)
 ParOldGen       total 341504K, used 67K [0x00000005cc200000, 0x00000005e0f80000, 0x0000000719600000)
  object space 341504K, 0% used [0x00000005cc200000,0x00000005cc210da0,0x00000005e0f80000)
 Metaspace       used 13337K, capacity 13547K, committed 13952K, reserved 1062912K
  class space    used 970K, capacity 1056K, committed 1152K, reserved 1048576K
GC Heap History (4 events):
Event: 2,758 GC heap before
{Heap before GC invocations=1 (full 0):
 PSYoungGen      total 149504K, used 128512K [0x0000000719600000, 0x0000000723c80000, 0x00000007c0000000)
  eden space 128512K, 100% used [0x0000000719600000,0x0000000721380000,0x0000000721380000)
  from space 20992K, 0% used [0x0000000722800000,0x0000000722800000,0x0000000723c80000)
  to   space 20992K, 0% used [0x0000000721380000,0x0000000721380000,0x0000000722800000)
 ParOldGen       total 341504K, used 0K [0x00000005cc200000, 0x00000005e0f80000, 0x0000000719600000)
  object space 341504K, 0% used [0x00000005cc200000,0x00000005cc200000,0x00000005e0f80000)
 Metaspace       used 13256K, capacity 13543K, committed 13952K, reserved 1062912K
  class space    used 965K, capacity 1056K, committed 1152K, reserved 1048576K
Event: 2,763 GC heap after
Heap after GC invocations=1 (full 0):
 PSYoungGen      total 149504K, used 11227K [0x0000000719600000, 0x0000000723c80000, 0x00000007c0000000)
  eden space 128512K, 0% used [0x0000000719600000,0x0000000719600000,0x0000000721380000)
  from space 20992K, 53% used [0x0000000721380000,0x0000000721e76e58,0x0000000722800000)
  to   space 20992K, 0% used [0x0000000722800000,0x0000000722800000,0x0000000723c80000)
 ParOldGen       total 341504K, used 41K [0x00000005cc200000, 0x00000005e0f80000, 0x0000000719600000)
  object space 341504K, 0% used [0x00000005cc200000,0x00000005cc20a6d0,0x00000005e0f80000)
 Metaspace       used 13256K, capacity 13543K, committed 13952K, reserved 1062912K
  class space    used 965K, capacity 1056K, committed 1152K, reserved 1048576K
}
Event: 5,514 GC heap before
{Heap before GC invocations=2 (full 0):
 PSYoungGen      total 149504K, used 139739K [0x0000000719600000, 0x0000000723c80000, 0x00000007c0000000)
  eden space 128512K, 100% used [0x0000000719600000,0x0000000721380000,0x0000000721380000)
  from space 20992K, 53% used [0x0000000721380000,0x0000000721e76e58,0x0000000722800000)
  to   space 20992K, 0% used [0x0000000722800000,0x0000000722800000,0x0000000723c80000)
 ParOldGen       total 341504K, used 41K [0x00000005cc200000, 0x00000005e0f80000, 0x0000000719600000)
  object space 341504K, 0% used [0x00000005cc200000,0x00000005cc20a6d0,0x00000005e0f80000)
 Metaspace       used 13309K, capacity 13547K, committed 13952K, reserved 1062912K
  class space    used 965K, capacity 1056K, committed 1152K, reserved 1048576K
Event: 5,517 GC heap after
Heap after GC invocations=2 (full 0):
 PSYoungGen      total 149504K, used 6689K [0x0000000719600000, 0x0000000723c80000, 0x00000007c0000000)
  eden space 128512K, 0% used [0x0000000719600000,0x0000000719600000,0x0000000721380000)
  from space 20992K, 31% used [0x0000000722800000,0x0000000722e88728,0x0000000723c80000)
  to   space 20992K, 0% used [0x0000000721380000,0x0000000721380000,0x0000000722800000)
 ParOldGen       total 341504K, used 67K [0x00000005cc200000, 0x00000005e0f80000, 0x0000000719600000)
  object space 341504K, 0% used [0x00000005cc200000,0x00000005cc210da0,0x00000005e0f80000)
 Metaspace       used 13309K, capacity 13547K, committed 13952K, reserved 1062912K
  class space    used 965K, capacity 1056K, committed 1152K, reserved 1048576K
}

