# JRE version: OpenJDK Runtime Environment (8.0_232-b09) (build 1.8.0_232-b09)
# Java VM: OpenJDK 64-Bit Server VM (25.232-b09 mixed mode linux-amd64 compressed oops)
Heap:
 PSYoungGen      total 149504K, used 35883K [0x0000000719600000, 0x0000000723c80000, 0x00000007c0000000)
  eden space 128512K, 23% used [0x0000000719600000,0x000000071b3c2d30,0x0000000721380000)
  from space 20992K, 25% used [0x0000000722800000,0x0000000722d48000,0x0000000723c80000)
  to   space 20992K, 0% used [0x0000000721380000,0x0000000721380000,0x0000000722800000)
 ParOldGen       total 341504K, used 49K [0x00000005cc200000, 0x00000005e0f80000, 0x0000000719600000)
  object space 341504K, 0% used [0x00000005cc200000,0x00000005cc20c6d0,0x00000005e0f80000)
 Metaspace       used 13383K, capacity 13611K, committed 13952K, reserved 1062912K
  class space    used 971K, capacity 1056K, committed 1152K, reserved 1048576K
GC Heap History (4 events):
Event: 3,313 GC heap before
{Heap before GC invocations=1 (full 0):
 PSYoungGen      total 149504K, used 128512K [0x0000000719600000, 0x0000000723c80000, 0x00000007c0000000)
  eden space 128512K, 100% used [0x0000000719600000,0x0000000721380000,0x0000000721380000)
  from space 20992K, 0% used [0x0000000722800000,0x0000000722800000,0x0000000723c80000)
  to   space 20992K, 0% used [0x0000000721380000,0x0000000721380000,0x0000000722800000)
 ParOldGen       total 341504K, used 0K [0x00000005cc200000, 0x00000005e0f80000, 0x0000000719600000)
  object space 341504K, 0% used [0x00000005cc200000,0x00000005cc200000,0x00000005e0f80000)
 Metaspace       used 13243K, capacity 13479K, committed 13696K, reserved 1062912K
  class space    used 965K, capacity 1056K, committed 1152K, reserved 1048576K
Event: 3,318 GC heap after
Heap after GC invocations=1 (full 0):
 PSYoungGen      total 149504K, used 10984K [0x0000000719600000, 0x0000000723c80000, 0x00000007c0000000)
  eden space 128512K, 0% used [0x0000000719600000,0x0000000719600000,0x0000000721380000)
  from space 20992K, 52% used [0x0000000721380000,0x0000000721e3a320,0x0000000722800000)
  to   space 20992K, 0% used [0x0000000722800000,0x0000000722800000,0x0000000723c80000)
 ParOldGen       total 341504K, used 41K [0x00000005cc200000, 0x00000005e0f80000, 0x0000000719600000)
  object space 341504K, 0% used [0x00000005cc200000,0x00000005cc20a6d0,0x00000005e0f80000)
 Metaspace       used 13243K, capacity 13479K, committed 13696K, reserved 1062912K
  class space    used 965K, capacity 1056K, committed 1152K, reserved 1048576K
}
Event: 7,837 GC heap before
{Heap before GC invocations=2 (full 0):
 PSYoungGen      total 149504K, used 139496K [0x0000000719600000, 0x0000000723c80000, 0x00000007c0000000)
  eden space 128512K, 100% used [0x0000000719600000,0x0000000721380000,0x0000000721380000)
  from space 20992K, 52% used [0x0000000721380000,0x0000000721e3a320,0x0000000722800000)
  to   space 20992K, 0% used [0x0000000722800000,0x0000000722800000,0x0000000723c80000)
 ParOldGen       total 341504K, used 41K [0x00000005cc200000, 0x00000005e0f80000, 0x0000000719600000)
  object space 341504K, 0% used [0x00000005cc200000,0x00000005cc20a6d0,0x00000005e0f80000)
 Metaspace       used 13349K, capacity 13547K, committed 13952K, reserved 1062912K
  class space    used 965K, capacity 1056K, committed 1152K, reserved 1048576K
Event: 7,839 GC heap after
Heap after GC invocations=2 (full 0):
 PSYoungGen      total 149504K, used 5408K [0x0000000719600000, 0x0000000723c80000, 0x00000007c0000000)
  eden space 128512K, 0% used [0x0000000719600000,0x0000000719600000,0x0000000721380000)
  from space 20992K, 25% used [0x0000000722800000,0x0000000722d48000,0x0000000723c80000)
  to   space 20992K, 0% used [0x0000000721380000,0x0000000721380000,0x0000000722800000)
 ParOldGen       total 341504K, used 49K [0x00000005cc200000, 0x00000005e0f80000, 0x0000000719600000)
  object space 341504K, 0% used [0x00000005cc200000,0x00000005cc20c6d0,0x00000005e0f80000)
 Metaspace       used 13349K, capacity 13547K, committed 13952K, reserved 1062912K
  class space    used 965K, capacity 1056K, committed 1152K, reserved 1048576K
}

