# JRE version: OpenJDK Runtime Environment (8.0_232-b09) (build 1.8.0_232-b09)
# Java VM: OpenJDK 64-Bit Server VM (25.232-b09 mixed mode linux-amd64 compressed oops)
Heap:
 PSYoungGen      total 128512K, used 30489K [0x0000000719600000, 0x0000000722280000, 0x00000007c0000000)
  eden space 117248K, 21% used [0x0000000719600000,0x000000071ae3e7c0,0x0000000720880000)
  from space 11264K, 50% used [0x0000000721780000,0x0000000721d08020,0x0000000722280000)
  to   space 13312K, 0% used [0x0000000720880000,0x0000000720880000,0x0000000721580000)
 ParOldGen       total 341504K, used 8189K [0x00000005cc200000, 0x00000005e0f80000, 0x0000000719600000)
  object space 341504K, 2% used [0x00000005cc200000,0x00000005cc9ff7c8,0x00000005e0f80000)
 Metaspace       used 14356K, capacity 14627K, committed 14848K, reserved 1062912K
  class space    used 1066K, capacity 1158K, committed 1280K, reserved 1048576K
GC Heap History (10 events):
Event: 32,208 GC heap before
{Heap before GC invocations=4 (full 0):
 PSYoungGen      total 149504K, used 135960K [0x0000000719600000, 0x0000000723c80000, 0x00000007c0000000)
  eden space 128512K, 100% used [0x0000000719600000,0x0000000721380000,0x0000000721380000)
  from space 20992K, 35% used [0x0000000721380000,0x0000000721ac6230,0x0000000722800000)
  to   space 20992K, 0% used [0x0000000722800000,0x0000000722800000,0x0000000723c80000)
 ParOldGen       total 341504K, used 40K [0x00000005cc200000, 0x00000005e0f80000, 0x0000000719600000)
  object space 341504K, 0% used [0x00000005cc200000,0x00000005cc20a000,0x00000005e0f80000)
 Metaspace       used 14280K, capacity 14555K, committed 14848K, reserved 1062912K
  class space    used 1056K, capacity 1158K, committed 1280K, reserved 1048576K
Event: 32,212 GC heap after
Heap after GC invocations=4 (full 0):
 PSYoungGen      total 149504K, used 8664K [0x0000000719600000, 0x0000000723c80000, 0x00000007c0000000)
  eden space 128512K, 0% used [0x0000000719600000,0x0000000719600000,0x0000000721380000)
  from space 20992K, 41% used [0x0000000722800000,0x0000000723076230,0x0000000723c80000)
  to   space 20992K, 0% used [0x0000000721380000,0x0000000721380000,0x0000000722800000)
 ParOldGen       total 341504K, used 48K [0x00000005cc200000, 0x00000005e0f80000, 0x0000000719600000)
  object space 341504K, 0% used [0x00000005cc200000,0x00000005cc20c000,0x00000005e0f80000)
 Metaspace       used 14280K, capacity 14555K, committed 14848K, reserved 1062912K
  class space    used 1056K, capacity 1158K, committed 1280K, reserved 1048576K
}
Event: 43,715 GC heap before
{Heap before GC invocations=5 (full 0):
 PSYoungGen      total 149504K, used 137176K [0x0000000719600000, 0x0000000723c80000, 0x00000007c0000000)
  eden space 128512K, 100% used [0x0000000719600000,0x0000000721380000,0x0000000721380000)
  from space 20992K, 41% used [0x0000000722800000,0x0000000723076230,0x0000000723c80000)
  to   space 20992K, 0% used [0x0000000721380000,0x0000000721380000,0x0000000722800000)
 ParOldGen       total 341504K, used 48K [0x00000005cc200000, 0x00000005e0f80000, 0x0000000719600000)
  object space 341504K, 0% used [0x00000005cc200000,0x00000005cc20c000,0x00000005e0f80000)
 Metaspace       used 14285K, capacity 14563K, committed 14848K, reserved 1062912K
  class space    used 1056K, capacity 1158K, committed 1280K, reserved 1048576K
Event: 43,719 GC heap after
Heap after GC invocations=5 (full 0):
 PSYoungGen      total 135680K, used 9992K [0x0000000719600000, 0x0000000722880000, 0x00000007c0000000)
  eden space 125440K, 0% used [0x0000000719600000,0x0000000719600000,0x0000000721080000)
  from space 10240K, 97% used [0x0000000721380000,0x0000000721d42230,0x0000000721d80000)
  to   space 11264K, 0% used [0x0000000721d80000,0x0000000721d80000,0x0000000722880000)
 ParOldGen       total 341504K, used 56K [0x00000005cc200000, 0x00000005e0f80000, 0x0000000719600000)
  object space 341504K, 0% used [0x00000005cc200000,0x00000005cc20e000,0x00000005e0f80000)
 Metaspace       used 14285K, capacity 14563K, committed 14848K, reserved 1062912K
  class space    used 1056K, capacity 1158K, committed 1280K, reserved 1048576K
}
Event: 55,021 GC heap before
{Heap before GC invocations=6 (full 0):
 PSYoungGen      total 135680K, used 135432K [0x0000000719600000, 0x0000000722880000, 0x00000007c0000000)
  eden space 125440K, 100% used [0x0000000719600000,0x0000000721080000,0x0000000721080000)
  from space 10240K, 97% used [0x0000000721380000,0x0000000721d42230,0x0000000721d80000)
  to   space 11264K, 0% used [0x0000000721d80000,0x0000000721d80000,0x0000000722880000)
 ParOldGen       total 341504K, used 56K [0x00000005cc200000, 0x00000005e0f80000, 0x0000000719600000)
  object space 341504K, 0% used [0x00000005cc200000,0x00000005cc20e000,0x00000005e0f80000)
 Metaspace       used 14285K, capacity 14563K, committed 14848K, reserved 1062912K
  class space    used 1056K, capacity 1158K, committed 1280K, reserved 1048576K
Event: 55,026 GC heap after
Heap after GC invocations=6 (full 0):
 PSYoungGen      total 133632K, used 11261K [0x0000000719600000, 0x0000000722880000, 0x00000007c0000000)
  eden space 122368K, 0% used [0x0000000719600000,0x0000000719600000,0x0000000720d80000)
  from space 11264K, 99% used [0x0000000721d80000,0x000000072287f6e8,0x0000000722880000)
  to   space 12800K, 0% used [0x0000000720f80000,0x0000000720f80000,0x0000000721c00000)
 ParOldGen       total 341504K, used 128K [0x00000005cc200000, 0x00000005e0f80000, 0x0000000719600000)
  object space 341504K, 0% used [0x00000005cc200000,0x00000005cc220000,0x00000005e0f80000)
 Metaspace       used 14285K, capacity 14563K, committed 14848K, reserved 1062912K
  class space    used 1056K, capacity 1158K, committed 1280K, reserved 1048576K
}
Event: 66,108 GC heap before
{Heap before GC invocations=7 (full 0):
 PSYoungGen      total 133632K, used 133629K [0x0000000719600000, 0x0000000722880000, 0x00000007c0000000)
  eden space 122368K, 100% used [0x0000000719600000,0x0000000720d80000,0x0000000720d80000)
  from space 11264K, 99% used [0x0000000721d80000,0x000000072287f6e8,0x0000000722880000)
  to   space 12800K, 0% used [0x0000000720f80000,0x0000000720f80000,0x0000000721c00000)
 ParOldGen       total 341504K, used 128K [0x00000005cc200000, 0x00000005e0f80000, 0x0000000719600000)
  object space 341504K, 0% used [0x00000005cc200000,0x00000005cc220000,0x00000005e0f80000)
 Metaspace       used 14285K, capacity 14563K, committed 14848K, reserved 1062912K
  class space    used 1056K, capacity 1158K, committed 1280K, reserved 1048576K
Event: 66,113 GC heap after
Heap after GC invocations=7 (full 0):
 PSYoungGen      total 126976K, used 6976K [0x0000000719600000, 0x0000000722400000, 0x00000007c0000000)
  eden space 119808K, 0% used [0x0000000719600000,0x0000000719600000,0x0000000720b00000)
  from space 7168K, 97% used [0x0000000720f80000,0x0000000721650030,0x0000000721680000)
  to   space 12800K, 0% used [0x0000000721780000,0x0000000721780000,0x0000000722400000)
 ParOldGen       total 341504K, used 5725K [0x00000005cc200000, 0x00000005e0f80000, 0x0000000719600000)
  object space 341504K, 1% used [0x00000005cc200000,0x00000005cc7977c8,0x00000005e0f80000)
 Metaspace       used 14285K, capacity 14563K, committed 14848K, reserved 1062912K
  class space    used 1056K, capacity 1158K, committed 1280K, reserved 1048576K
}
Event: 76,985 GC heap before
{Heap before GC invocations=8 (full 0):
 PSYoungGen      total 126976K, used 126784K [0x0000000719600000, 0x0000000722400000, 0x00000007c0000000)
  eden space 119808K, 100% used [0x0000000719600000,0x0000000720b00000,0x0000000720b00000)
  from space 7168K, 97% used [0x0000000720f80000,0x0000000721650030,0x0000000721680000)
  to   space 12800K, 0% used [0x0000000721780000,0x0000000721780000,0x0000000722400000)
 ParOldGen       total 341504K, used 5725K [0x00000005cc200000, 0x00000005e0f80000, 0x0000000719600000)
  object space 341504K, 1% used [0x00000005cc200000,0x00000005cc7977c8,0x00000005e0f80000)
 Metaspace       used 14285K, capacity 14563K, committed 14848K, reserved 1062912K
  class space    used 1056K, capacity 1158K, committed 1280K, reserved 1048576K
Event: 76,988 GC heap after
Heap after GC invocations=8 (full 0):
 PSYoungGen      total 128512K, used 5664K [0x0000000719600000, 0x0000000722280000, 0x00000007c0000000)
  eden space 117248K, 0% used [0x0000000719600000,0x0000000719600000,0x0000000720880000)
  from space 11264K, 50% used [0x0000000721780000,0x0000000721d08020,0x0000000722280000)
  to   space 13312K, 0% used [0x0000000720880000,0x0000000720880000,0x0000000721580000)
 ParOldGen       total 341504K, used 8189K [0x00000005cc200000, 0x00000005e0f80000, 0x0000000719600000)
  object space 341504K, 2% used [0x00000005cc200000,0x00000005cc9ff7c8,0x00000005e0f80000)
 Metaspace       used 14285K, capacity 14563K, committed 14848K, reserved 1062912K
  class space    used 1056K, capacity 1158K, committed 1280K, reserved 1048576K
}

