# JRE version: OpenJDK Runtime Environment (8.0_232-b09) (build 1.8.0_232-b09)
# Java VM: OpenJDK 64-Bit Server VM (25.232-b09 mixed mode linux-amd64 compressed oops)
Heap:
 PSYoungGen      total 138240K, used 21575K [0x0000000719600000, 0x0000000722c80000, 0x00000007c0000000)
  eden space 125440K, 7% used [0x0000000719600000,0x0000000719e9f750,0x0000000721080000)
  from space 12800K, 99% used [0x0000000721380000,0x0000000721ff2510,0x0000000722000000)
  to   space 12800K, 0% used [0x0000000722000000,0x0000000722000000,0x0000000722c80000)
 ParOldGen       total 341504K, used 48K [0x00000005cc200000, 0x00000005e0f80000, 0x0000000719600000)
  object space 341504K, 0% used [0x00000005cc200000,0x00000005cc20c000,0x00000005e0f80000)
 Metaspace       used 13236K, capacity 13483K, committed 13696K, reserved 1062912K
  class space    used 970K, capacity 1056K, committed 1152K, reserved 1048576K
GC Heap History (10 events):
Event: 3,131 GC heap before
{Heap before GC invocations=1 (full 0):
 PSYoungGen      total 149504K, used 128512K [0x0000000719600000, 0x0000000723c80000, 0x00000007c0000000)
  eden space 128512K, 100% used [0x0000000719600000,0x0000000721380000,0x0000000721380000)
  from space 20992K, 0% used [0x0000000722800000,0x0000000722800000,0x0000000723c80000)
  to   space 20992K, 0% used [0x0000000721380000,0x0000000721380000,0x0000000722800000)
 ParOldGen       total 341504K, used 0K [0x00000005cc200000, 0x00000005e0f80000, 0x0000000719600000)
  object space 341504K, 0% used [0x00000005cc200000,0x00000005cc200000,0x00000005e0f80000)
 Metaspace       used 13155K, capacity 13355K, committed 13696K, reserved 1062912K
  class space    used 965K, capacity 1056K, committed 1152K, reserved 1048576K
Event: 3,137 GC heap after
Heap after GC invocations=1 (full 0):
 PSYoungGen      total 149504K, used 11213K [0x0000000719600000, 0x0000000723c80000, 0x00000007c0000000)
  eden space 128512K, 0% used [0x0000000719600000,0x0000000719600000,0x0000000721380000)
  from space 20992K, 53% used [0x0000000721380000,0x0000000721e73480,0x0000000722800000)
  to   space 20992K, 0% used [0x0000000722800000,0x0000000722800000,0x0000000723c80000)
 ParOldGen       total 341504K, used 24K [0x00000005cc200000, 0x00000005e0f80000, 0x0000000719600000)
  object space 341504K, 0% used [0x00000005cc200000,0x00000005cc206000,0x00000005e0f80000)
 Metaspace       used 13155K, capacity 13355K, committed 13696K, reserved 1062912K
  class space    used 965K, capacity 1056K, committed 1152K, reserved 1048576K
}
Event: 6,061 GC heap before
{Heap before GC invocations=2 (full 0):
 PSYoungGen      total 149504K, used 139725K [0x0000000719600000, 0x0000000723c80000, 0x00000007c0000000)
  eden space 128512K, 100% used [0x0000000719600000,0x0000000721380000,0x0000000721380000)
  from space 20992K, 53% used [0x0000000721380000,0x0000000721e73480,0x0000000722800000)
  to   space 20992K, 0% used [0x0000000722800000,0x0000000722800000,0x0000000723c80000)
 ParOldGen       total 341504K, used 24K [0x00000005cc200000, 0x00000005e0f80000, 0x0000000719600000)
  object space 341504K, 0% used [0x00000005cc200000,0x00000005cc206000,0x00000005e0f80000)
 Metaspace       used 13197K, capacity 13483K, committed 13696K, reserved 1062912K
  class space    used 965K, capacity 1056K, committed 1152K, reserved 1048576K
Event: 6,064 GC heap after
Heap after GC invocations=2 (full 0):
 PSYoungGen      total 149504K, used 6609K [0x0000000719600000, 0x0000000723c80000, 0x00000007c0000000)
  eden space 128512K, 0% used [0x0000000719600000,0x0000000719600000,0x0000000721380000)
  from space 20992K, 31% used [0x0000000722800000,0x0000000722e74738,0x0000000723c80000)
  to   space 20992K, 0% used [0x0000000721380000,0x0000000721380000,0x0000000722800000)
 ParOldGen       total 341504K, used 32K [0x00000005cc200000, 0x00000005e0f80000, 0x0000000719600000)
  object space 341504K, 0% used [0x00000005cc200000,0x00000005cc208000,0x00000005e0f80000)
 Metaspace       used 13197K, capacity 13483K, committed 13696K, reserved 1062912K
  class space    used 965K, capacity 1056K, committed 1152K, reserved 1048576K
}
Event: 9,107 GC heap before
{Heap before GC invocations=3 (full 0):
 PSYoungGen      total 149504K, used 135121K [0x0000000719600000, 0x0000000723c80000, 0x00000007c0000000)
  eden space 128512K, 100% used [0x0000000719600000,0x0000000721380000,0x0000000721380000)
  from space 20992K, 31% used [0x0000000722800000,0x0000000722e74738,0x0000000723c80000)
  to   space 20992K, 0% used [0x0000000721380000,0x0000000721380000,0x0000000722800000)
 ParOldGen       total 341504K, used 32K [0x00000005cc200000, 0x00000005e0f80000, 0x0000000719600000)
  object space 341504K, 0% used [0x00000005cc200000,0x00000005cc208000,0x00000005e0f80000)
 Metaspace       used 13200K, capacity 13483K, committed 13696K, reserved 1062912K
  class space    used 965K, capacity 1056K, committed 1152K, reserved 1048576K
Event: 9,110 GC heap after
Heap after GC invocations=3 (full 0):
 PSYoungGen      total 149504K, used 8553K [0x0000000719600000, 0x0000000723c80000, 0x00000007c0000000)
  eden space 128512K, 0% used [0x0000000719600000,0x0000000719600000,0x0000000721380000)
  from space 20992K, 40% used [0x0000000721380000,0x0000000721bda510,0x0000000722800000)
  to   space 20992K, 0% used [0x0000000722800000,0x0000000722800000,0x0000000723c80000)
 ParOldGen       total 341504K, used 40K [0x00000005cc200000, 0x00000005e0f80000, 0x0000000719600000)
  object space 341504K, 0% used [0x00000005cc200000,0x00000005cc20a000,0x00000005e0f80000)
 Metaspace       used 13200K, capacity 13483K, committed 13696K, reserved 1062912K
  class space    used 965K, capacity 1056K, committed 1152K, reserved 1048576K
}
Event: 12,166 GC heap before
{Heap before GC invocations=4 (full 0):
 PSYoungGen      total 149504K, used 137065K [0x0000000719600000, 0x0000000723c80000, 0x00000007c0000000)
  eden space 128512K, 100% used [0x0000000719600000,0x0000000721380000,0x0000000721380000)
  from space 20992K, 40% used [0x0000000721380000,0x0000000721bda510,0x0000000722800000)
  to   space 20992K, 0% used [0x0000000722800000,0x0000000722800000,0x0000000723c80000)
 ParOldGen       total 341504K, used 40K [0x00000005cc200000, 0x00000005e0f80000, 0x0000000719600000)
  object space 341504K, 0% used [0x00000005cc200000,0x00000005cc20a000,0x00000005e0f80000)
 Metaspace       used 13200K, capacity 13483K, committed 13696K, reserved 1062912K
  class space    used 965K, capacity 1056K, committed 1152K, reserved 1048576K
Event: 12,170 GC heap after
Heap after GC invocations=4 (full 0):
 PSYoungGen      total 149504K, used 10697K [0x0000000719600000, 0x0000000723c80000, 0x00000007c0000000)
  eden space 128512K, 0% used [0x0000000719600000,0x0000000719600000,0x0000000721380000)
  from space 20992K, 50% used [0x0000000722800000,0x0000000723272510,0x0000000723c80000)
  to   space 20992K, 0% used [0x0000000721380000,0x0000000721380000,0x0000000722800000)
 ParOldGen       total 341504K, used 40K [0x00000005cc200000, 0x00000005e0f80000, 0x0000000719600000)
  object space 341504K, 0% used [0x00000005cc200000,0x00000005cc20a000,0x00000005e0f80000)
 Metaspace       used 13200K, capacity 13483K, committed 13696K, reserved 1062912K
  class space    used 965K, capacity 1056K, committed 1152K, reserved 1048576K
}
Event: 16,285 GC heap before
{Heap before GC invocations=5 (full 0):
 PSYoungGen      total 149504K, used 139209K [0x0000000719600000, 0x0000000723c80000, 0x00000007c0000000)
  eden space 128512K, 100% used [0x0000000719600000,0x0000000721380000,0x0000000721380000)
  from space 20992K, 50% used [0x0000000722800000,0x0000000723272510,0x0000000723c80000)
  to   space 20992K, 0% used [0x0000000721380000,0x0000000721380000,0x0000000722800000)
 ParOldGen       total 341504K, used 40K [0x00000005cc200000, 0x00000005e0f80000, 0x0000000719600000)
  object space 341504K, 0% used [0x00000005cc200000,0x00000005cc20a000,0x00000005e0f80000)
 Metaspace       used 13200K, capacity 13483K, committed 13696K, reserved 1062912K
  class space    used 965K, capacity 1056K, committed 1152K, reserved 1048576K
Event: 16,292 GC heap after
Heap after GC invocations=5 (full 0):
 PSYoungGen      total 138240K, used 12745K [0x0000000719600000, 0x0000000722c80000, 0x00000007c0000000)
  eden space 125440K, 0% used [0x0000000719600000,0x0000000719600000,0x0000000721080000)
  from space 12800K, 99% used [0x0000000721380000,0x0000000721ff2510,0x0000000722000000)
  to   space 12800K, 0% used [0x0000000722000000,0x0000000722000000,0x0000000722c80000)
 ParOldGen       total 341504K, used 48K [0x00000005cc200000, 0x00000005e0f80000, 0x0000000719600000)
  object space 341504K, 0% used [0x00000005cc200000,0x00000005cc20c000,0x00000005e0f80000)
 Metaspace       used 13200K, capacity 13483K, committed 13696K, reserved 1062912K
  class space    used 965K, capacity 1056K, committed 1152K, reserved 1048576K
}

