# JRE version: OpenJDK Runtime Environment (8.0_232-b09) (build 1.8.0_232-b09)
# Java VM: OpenJDK 64-Bit Server VM (25.232-b09 mixed mode linux-amd64 compressed oops)
Heap:
 PSYoungGen      total 138240K, used 123082K [0x0000000719600000, 0x0000000722c80000, 0x00000007c0000000)
  eden space 125440K, 87% used [0x0000000719600000,0x00000007201bc4d8,0x0000000721080000)
  from space 12800K, 99% used [0x0000000721380000,0x0000000721ff6520,0x0000000722000000)
  to   space 12800K, 0% used [0x0000000722000000,0x0000000722000000,0x0000000722c80000)
 ParOldGen       total 341504K, used 56K [0x00000005cc200000, 0x00000005e0f80000, 0x0000000719600000)
  object space 341504K, 0% used [0x00000005cc200000,0x00000005cc20e000,0x00000005e0f80000)
 Metaspace       used 13161K, capacity 13409K, committed 13696K, reserved 1062912K
  class space    used 963K, capacity 1055K, committed 1152K, reserved 1048576K
GC Heap History (10 events):
Event: 3,265 GC heap before
{Heap before GC invocations=1 (full 0):
 PSYoungGen      total 149504K, used 128512K [0x0000000719600000, 0x0000000723c80000, 0x00000007c0000000)
  eden space 128512K, 100% used [0x0000000719600000,0x0000000721380000,0x0000000721380000)
  from space 20992K, 0% used [0x0000000722800000,0x0000000722800000,0x0000000723c80000)
  to   space 20992K, 0% used [0x0000000721380000,0x0000000721380000,0x0000000722800000)
 ParOldGen       total 341504K, used 0K [0x00000005cc200000, 0x00000005e0f80000, 0x0000000719600000)
  object space 341504K, 0% used [0x00000005cc200000,0x00000005cc200000,0x00000005e0f80000)
 Metaspace       used 13081K, capacity 13345K, committed 13696K, reserved 1062912K
  class space    used 957K, capacity 1055K, committed 1152K, reserved 1048576K
Event: 3,271 GC heap after
Heap after GC invocations=1 (full 0):
 PSYoungGen      total 149504K, used 10916K [0x0000000719600000, 0x0000000723c80000, 0x00000007c0000000)
  eden space 128512K, 0% used [0x0000000719600000,0x0000000719600000,0x0000000721380000)
  from space 20992K, 52% used [0x0000000721380000,0x0000000721e29238,0x0000000722800000)
  to   space 20992K, 0% used [0x0000000722800000,0x0000000722800000,0x0000000723c80000)
 ParOldGen       total 341504K, used 24K [0x00000005cc200000, 0x00000005e0f80000, 0x0000000719600000)
  object space 341504K, 0% used [0x00000005cc200000,0x00000005cc206000,0x00000005e0f80000)
 Metaspace       used 13081K, capacity 13345K, committed 13696K, reserved 1062912K
  class space    used 957K, capacity 1055K, committed 1152K, reserved 1048576K
}
Event: 6,630 GC heap before
{Heap before GC invocations=2 (full 0):
 PSYoungGen      total 149504K, used 139428K [0x0000000719600000, 0x0000000723c80000, 0x00000007c0000000)
  eden space 128512K, 100% used [0x0000000719600000,0x0000000721380000,0x0000000721380000)
  from space 20992K, 52% used [0x0000000721380000,0x0000000721e29238,0x0000000722800000)
  to   space 20992K, 0% used [0x0000000722800000,0x0000000722800000,0x0000000723c80000)
 ParOldGen       total 341504K, used 24K [0x00000005cc200000, 0x00000005e0f80000, 0x0000000719600000)
  object space 341504K, 0% used [0x00000005cc200000,0x00000005cc206000,0x00000005e0f80000)
 Metaspace       used 13114K, capacity 13345K, committed 13696K, reserved 1062912K
  class space    used 957K, capacity 1055K, committed 1152K, reserved 1048576K
Event: 6,634 GC heap after
Heap after GC invocations=2 (full 0):
 PSYoungGen      total 149504K, used 6585K [0x0000000719600000, 0x0000000723c80000, 0x00000007c0000000)
  eden space 128512K, 0% used [0x0000000719600000,0x0000000719600000,0x0000000721380000)
  from space 20992K, 31% used [0x0000000722800000,0x0000000722e6e510,0x0000000723c80000)
  to   space 20992K, 0% used [0x0000000721380000,0x0000000721380000,0x0000000722800000)
 ParOldGen       total 341504K, used 32K [0x00000005cc200000, 0x00000005e0f80000, 0x0000000719600000)
  object space 341504K, 0% used [0x00000005cc200000,0x00000005cc208000,0x00000005e0f80000)
 Metaspace       used 13114K, capacity 13345K, committed 13696K, reserved 1062912K
  class space    used 957K, capacity 1055K, committed 1152K, reserved 1048576K
}
Event: 9,991 GC heap before
{Heap before GC invocations=3 (full 0):
 PSYoungGen      total 149504K, used 135097K [0x0000000719600000, 0x0000000723c80000, 0x00000007c0000000)
  eden space 128512K, 100% used [0x0000000719600000,0x0000000721380000,0x0000000721380000)
  from space 20992K, 31% used [0x0000000722800000,0x0000000722e6e510,0x0000000723c80000)
  to   space 20992K, 0% used [0x0000000721380000,0x0000000721380000,0x0000000722800000)
 ParOldGen       total 341504K, used 32K [0x00000005cc200000, 0x00000005e0f80000, 0x0000000719600000)
  object space 341504K, 0% used [0x00000005cc200000,0x00000005cc208000,0x00000005e0f80000)
 Metaspace       used 13118K, capacity 13345K, committed 13696K, reserved 1062912K
  class space    used 957K, capacity 1055K, committed 1152K, reserved 1048576K
Event: 9,995 GC heap after
Heap after GC invocations=3 (full 0):
 PSYoungGen      total 149504K, used 8576K [0x0000000719600000, 0x0000000723c80000, 0x00000007c0000000)
  eden space 128512K, 0% used [0x0000000719600000,0x0000000719600000,0x0000000721380000)
  from space 20992K, 40% used [0x0000000721380000,0x0000000721be0020,0x0000000722800000)
  to   space 20992K, 0% used [0x0000000722800000,0x0000000722800000,0x0000000723c80000)
 ParOldGen       total 341504K, used 40K [0x00000005cc200000, 0x00000005e0f80000, 0x0000000719600000)
  object space 341504K, 0% used [0x00000005cc200000,0x00000005cc20a000,0x00000005e0f80000)
 Metaspace       used 13118K, capacity 13345K, committed 13696K, reserved 1062912K
  class space    used 957K, capacity 1055K, committed 1152K, reserved 1048576K
}
Event: 13,709 GC heap before
{Heap before GC invocations=4 (full 0):
 PSYoungGen      total 149504K, used 137088K [0x0000000719600000, 0x0000000723c80000, 0x00000007c0000000)
  eden space 128512K, 100% used [0x0000000719600000,0x0000000721380000,0x0000000721380000)
  from space 20992K, 40% used [0x0000000721380000,0x0000000721be0020,0x0000000722800000)
  to   space 20992K, 0% used [0x0000000722800000,0x0000000722800000,0x0000000723c80000)
 ParOldGen       total 341504K, used 40K [0x00000005cc200000, 0x00000005e0f80000, 0x0000000719600000)
  object space 341504K, 0% used [0x00000005cc200000,0x00000005cc20a000,0x00000005e0f80000)
 Metaspace       used 13118K, capacity 13345K, committed 13696K, reserved 1062912K
  class space    used 957K, capacity 1055K, committed 1152K, reserved 1048576K
Event: 13,713 GC heap after
Heap after GC invocations=4 (full 0):
 PSYoungGen      total 149504K, used 10729K [0x0000000719600000, 0x0000000723c80000, 0x00000007c0000000)
  eden space 128512K, 0% used [0x0000000719600000,0x0000000719600000,0x0000000721380000)
  from space 20992K, 51% used [0x0000000722800000,0x000000072327a510,0x0000000723c80000)
  to   space 20992K, 0% used [0x0000000721380000,0x0000000721380000,0x0000000722800000)
 ParOldGen       total 341504K, used 48K [0x00000005cc200000, 0x00000005e0f80000, 0x0000000719600000)
  object space 341504K, 0% used [0x00000005cc200000,0x00000005cc20c000,0x00000005e0f80000)
 Metaspace       used 13118K, capacity 13345K, committed 13696K, reserved 1062912K
  class space    used 957K, capacity 1055K, committed 1152K, reserved 1048576K
}
Event: 18,275 GC heap before
{Heap before GC invocations=5 (full 0):
 PSYoungGen      total 149504K, used 139241K [0x0000000719600000, 0x0000000723c80000, 0x00000007c0000000)
  eden space 128512K, 100% used [0x0000000719600000,0x0000000721380000,0x0000000721380000)
  from space 20992K, 51% used [0x0000000722800000,0x000000072327a510,0x0000000723c80000)
  to   space 20992K, 0% used [0x0000000721380000,0x0000000721380000,0x0000000722800000)
 ParOldGen       total 341504K, used 48K [0x00000005cc200000, 0x00000005e0f80000, 0x0000000719600000)
  object space 341504K, 0% used [0x00000005cc200000,0x00000005cc20c000,0x00000005e0f80000)
 Metaspace       used 13118K, capacity 13345K, committed 13696K, reserved 1062912K
  class space    used 957K, capacity 1055K, committed 1152K, reserved 1048576K
Event: 18,281 GC heap after
Heap after GC invocations=5 (full 0):
 PSYoungGen      total 138240K, used 12761K [0x0000000719600000, 0x0000000722c80000, 0x00000007c0000000)
  eden space 125440K, 0% used [0x0000000719600000,0x0000000719600000,0x0000000721080000)
  from space 12800K, 99% used [0x0000000721380000,0x0000000721ff6520,0x0000000722000000)
  to   space 12800K, 0% used [0x0000000722000000,0x0000000722000000,0x0000000722c80000)
 ParOldGen       total 341504K, used 56K [0x00000005cc200000, 0x00000005e0f80000, 0x0000000719600000)
  object space 341504K, 0% used [0x00000005cc200000,0x00000005cc20e000,0x00000005e0f80000)
 Metaspace       used 13118K, capacity 13345K, committed 13696K, reserved 1062912K
  class space    used 957K, capacity 1055K, committed 1152K, reserved 1048576K
}

