# JRE version: OpenJDK Runtime Environment (8.0_232-b09) (build 1.8.0_232-b09)
# Java VM: OpenJDK 64-Bit Server VM (25.232-b09 mixed mode linux-amd64 compressed oops)
Heap:
 PSYoungGen      total 149504K, used 75934K [0x0000000719600000, 0x0000000723c80000, 0x00000007c0000000)
  eden space 128512K, 52% used [0x0000000719600000,0x000000071d7b7b48,0x0000000721380000)
  from space 20992K, 41% used [0x0000000721380000,0x0000000721bf0040,0x0000000722800000)
  to   space 20992K, 0% used [0x0000000722800000,0x0000000722800000,0x0000000723c80000)
 ParOldGen       total 341504K, used 57K [0x00000005cc200000, 0x00000005e0f80000, 0x0000000719600000)
  object space 341504K, 0% used [0x00000005cc200000,0x00000005cc20e6d0,0x00000005e0f80000)
 Metaspace       used 13335K, capacity 13547K, committed 13952K, reserved 1062912K
  class space    used 970K, capacity 1056K, committed 1152K, reserved 1048576K
GC Heap History (6 events):
Event: 3,031 GC heap before
{Heap before GC invocations=1 (full 0):
 PSYoungGen      total 149504K, used 128512K [0x0000000719600000, 0x0000000723c80000, 0x00000007c0000000)
  eden space 128512K, 100% used [0x0000000719600000,0x0000000721380000,0x0000000721380000)
  from space 20992K, 0% used [0x0000000722800000,0x0000000722800000,0x0000000723c80000)
  to   space 20992K, 0% used [0x0000000721380000,0x0000000721380000,0x0000000722800000)
 ParOldGen       total 341504K, used 0K [0x00000005cc200000, 0x00000005e0f80000, 0x0000000719600000)
  object space 341504K, 0% used [0x00000005cc200000,0x00000005cc200000,0x00000005e0f80000)
 Metaspace       used 13255K, capacity 13543K, committed 13952K, reserved 1062912K
  class space    used 965K, capacity 1056K, committed 1152K, reserved 1048576K
Event: 3,036 GC heap after
Heap after GC invocations=1 (full 0):
 PSYoungGen      total 149504K, used 11252K [0x0000000719600000, 0x0000000723c80000, 0x00000007c0000000)
  eden space 128512K, 0% used [0x0000000719600000,0x0000000719600000,0x0000000721380000)
  from space 20992K, 53% used [0x0000000721380000,0x0000000721e7d080,0x0000000722800000)
  to   space 20992K, 0% used [0x0000000722800000,0x0000000722800000,0x0000000723c80000)
 ParOldGen       total 341504K, used 41K [0x00000005cc200000, 0x00000005e0f80000, 0x0000000719600000)
  object space 341504K, 0% used [0x00000005cc200000,0x00000005cc20a6d0,0x00000005e0f80000)
 Metaspace       used 13255K, capacity 13543K, committed 13952K, reserved 1062912K
  class space    used 965K, capacity 1056K, committed 1152K, reserved 1048576K
}
Event: 5,819 GC heap before
{Heap before GC invocations=2 (full 0):
 PSYoungGen      total 149504K, used 139764K [0x0000000719600000, 0x0000000723c80000, 0x00000007c0000000)
  eden space 128512K, 100% used [0x0000000719600000,0x0000000721380000,0x0000000721380000)
  from space 20992K, 53% used [0x0000000721380000,0x0000000721e7d080,0x0000000722800000)
  to   space 20992K, 0% used [0x0000000722800000,0x0000000722800000,0x0000000723c80000)
 ParOldGen       total 341504K, used 41K [0x00000005cc200000, 0x00000005e0f80000, 0x0000000719600000)
  object space 341504K, 0% used [0x00000005cc200000,0x00000005cc20a6d0,0x00000005e0f80000)
 Metaspace       used 13307K, capacity 13547K, committed 13952K, reserved 1062912K
  class space    used 965K, capacity 1056K, committed 1152K, reserved 1048576K
Event: 5,822 GC heap after
Heap after GC invocations=2 (full 0):
 PSYoungGen      total 149504K, used 6681K [0x0000000719600000, 0x0000000723c80000, 0x00000007c0000000)
  eden space 128512K, 0% used [0x0000000719600000,0x0000000719600000,0x0000000721380000)
  from space 20992K, 31% used [0x0000000722800000,0x0000000722e86510,0x0000000723c80000)
  to   space 20992K, 0% used [0x0000000721380000,0x0000000721380000,0x0000000722800000)
 ParOldGen       total 341504K, used 49K [0x00000005cc200000, 0x00000005e0f80000, 0x0000000719600000)
  object space 341504K, 0% used [0x00000005cc200000,0x00000005cc20c6d0,0x00000005e0f80000)
 Metaspace       used 13307K, capacity 13547K, committed 13952K, reserved 1062912K
  class space    used 965K, capacity 1056K, committed 1152K, reserved 1048576K
}
Event: 8,523 GC heap before
{Heap before GC invocations=3 (full 0):
 PSYoungGen      total 149504K, used 135193K [0x0000000719600000, 0x0000000723c80000, 0x00000007c0000000)
  eden space 128512K, 100% used [0x0000000719600000,0x0000000721380000,0x0000000721380000)
  from space 20992K, 31% used [0x0000000722800000,0x0000000722e86510,0x0000000723c80000)
  to   space 20992K, 0% used [0x0000000721380000,0x0000000721380000,0x0000000722800000)
 ParOldGen       total 341504K, used 49K [0x00000005cc200000, 0x00000005e0f80000, 0x0000000719600000)
  object space 341504K, 0% used [0x00000005cc200000,0x00000005cc20c6d0,0x00000005e0f80000)
 Metaspace       used 13308K, capacity 13547K, committed 13952K, reserved 1062912K
  class space    used 965K, capacity 1056K, committed 1152K, reserved 1048576K
Event: 8,526 GC heap after
Heap after GC invocations=3 (full 0):
 PSYoungGen      total 149504K, used 8640K [0x0000000719600000, 0x0000000723c80000, 0x00000007c0000000)
  eden space 128512K, 0% used [0x0000000719600000,0x0000000719600000,0x0000000721380000)
  from space 20992K, 41% used [0x0000000721380000,0x0000000721bf0040,0x0000000722800000)
  to   space 20992K, 0% used [0x0000000722800000,0x0000000722800000,0x0000000723c80000)
 ParOldGen       total 341504K, used 57K [0x00000005cc200000, 0x00000005e0f80000, 0x0000000719600000)
  object space 341504K, 0% used [0x00000005cc200000,0x00000005cc20e6d0,0x00000005e0f80000)
 Metaspace       used 13308K, capacity 13547K, committed 13952K, reserved 1062912K
  class space    used 965K, capacity 1056K, committed 1152K, reserved 1048576K
}

