# JRE version: OpenJDK Runtime Environment (8.0_232-b09) (build 1.8.0_232-b09)
# Java VM: OpenJDK 64-Bit Server VM (25.232-b09 mixed mode linux-amd64 compressed oops)
Heap:
 PSYoungGen      total 149504K, used 36900K [0x0000000719600000, 0x0000000723c80000, 0x00000007c0000000)
  eden space 128512K, 24% used [0x0000000719600000,0x000000071b430c58,0x0000000721380000)
  from space 20992K, 28% used [0x0000000722800000,0x0000000722dd8728,0x0000000723c80000)
  to   space 20992K, 0% used [0x0000000721380000,0x0000000721380000,0x0000000722800000)
 ParOldGen       total 341504K, used 32K [0x00000005cc200000, 0x00000005e0f80000, 0x0000000719600000)
  object space 341504K, 0% used [0x00000005cc200000,0x00000005cc208000,0x00000005e0f80000)
 Metaspace       used 13169K, capacity 13409K, committed 13696K, reserved 1062912K
  class space    used 962K, capacity 1055K, committed 1152K, reserved 1048576K
GC Heap History (4 events):
Event: 3,803 GC heap before
{Heap before GC invocations=1 (full 0):
 PSYoungGen      total 149504K, used 128512K [0x0000000719600000, 0x0000000723c80000, 0x00000007c0000000)
  eden space 128512K, 100% used [0x0000000719600000,0x0000000721380000,0x0000000721380000)
  from space 20992K, 0% used [0x0000000722800000,0x0000000722800000,0x0000000723c80000)
  to   space 20992K, 0% used [0x0000000721380000,0x0000000721380000,0x0000000722800000)
 ParOldGen       total 341504K, used 0K [0x00000005cc200000, 0x00000005e0f80000, 0x0000000719600000)
  object space 341504K, 0% used [0x00000005cc200000,0x00000005cc200000,0x00000005e0f80000)
 Metaspace       used 13055K, capacity 13277K, committed 13696K, reserved 1062912K
  class space    used 957K, capacity 1055K, committed 1152K, reserved 1048576K
Event: 3,809 GC heap after
Heap after GC invocations=1 (full 0):
 PSYoungGen      total 149504K, used 10746K [0x0000000719600000, 0x0000000723c80000, 0x00000007c0000000)
  eden space 128512K, 0% used [0x0000000719600000,0x0000000719600000,0x0000000721380000)
  from space 20992K, 51% used [0x0000000721380000,0x0000000721dfea78,0x0000000722800000)
  to   space 20992K, 0% used [0x0000000722800000,0x0000000722800000,0x0000000723c80000)
 ParOldGen       total 341504K, used 24K [0x00000005cc200000, 0x00000005e0f80000, 0x0000000719600000)
  object space 341504K, 0% used [0x00000005cc200000,0x00000005cc206000,0x00000005e0f80000)
 Metaspace       used 13055K, capacity 13277K, committed 13696K, reserved 1062912K
  class space    used 957K, capacity 1055K, committed 1152K, reserved 1048576K
}
Event: 10,502 GC heap before
{Heap before GC invocations=2 (full 0):
 PSYoungGen      total 149504K, used 139258K [0x0000000719600000, 0x0000000723c80000, 0x00000007c0000000)
  eden space 128512K, 100% used [0x0000000719600000,0x0000000721380000,0x0000000721380000)
  from space 20992K, 51% used [0x0000000721380000,0x0000000721dfea78,0x0000000722800000)
  to   space 20992K, 0% used [0x0000000722800000,0x0000000722800000,0x0000000723c80000)
 ParOldGen       total 341504K, used 24K [0x00000005cc200000, 0x00000005e0f80000, 0x0000000719600000)
  object space 341504K, 0% used [0x00000005cc200000,0x00000005cc206000,0x00000005e0f80000)
 Metaspace       used 13113K, capacity 13345K, committed 13696K, reserved 1062912K
  class space    used 957K, capacity 1055K, committed 1152K, reserved 1048576K
Event: 10,505 GC heap after
Heap after GC invocations=2 (full 0):
 PSYoungGen      total 149504K, used 5985K [0x0000000719600000, 0x0000000723c80000, 0x00000007c0000000)
  eden space 128512K, 0% used [0x0000000719600000,0x0000000719600000,0x0000000721380000)
  from space 20992K, 28% used [0x0000000722800000,0x0000000722dd8728,0x0000000723c80000)
  to   space 20992K, 0% used [0x0000000721380000,0x0000000721380000,0x0000000722800000)
 ParOldGen       total 341504K, used 32K [0x00000005cc200000, 0x00000005e0f80000, 0x0000000719600000)
  object space 341504K, 0% used [0x00000005cc200000,0x00000005cc208000,0x00000005e0f80000)
 Metaspace       used 13113K, capacity 13345K, committed 13696K, reserved 1062912K
  class space    used 957K, capacity 1055K, committed 1152K, reserved 1048576K
}

