# JRE version: OpenJDK Runtime Environment (8.0_232-b09) (build 1.8.0_232-b09)
# Java VM: OpenJDK 64-Bit Server VM (25.232-b09 mixed mode linux-amd64 compressed oops)
Heap:
 PSYoungGen      total 138752K, used 65021K [0x0000000719600000, 0x0000000722c80000, 0x00000007c0000000)
  eden space 125440K, 41% used [0x0000000719600000,0x000000071c8fcf50,0x0000000721080000)
  from space 13312K, 96% used [0x0000000721380000,0x0000000722002510,0x0000000722080000)
  to   space 12288K, 0% used [0x0000000722080000,0x0000000722080000,0x0000000722c80000)
 ParOldGen       total 341504K, used 48K [0x00000005cc200000, 0x00000005e0f80000, 0x0000000719600000)
  object space 341504K, 0% used [0x00000005cc200000,0x00000005cc20c000,0x00000005e0f80000)
 Metaspace       used 13281K, capacity 13547K, committed 13952K, reserved 1062912K
  class space    used 970K, capacity 1056K, committed 1152K, reserved 1048576K
GC Heap History (10 events):
Event: 3,051 GC heap before
{Heap before GC invocations=1 (full 0):
 PSYoungGen      total 149504K, used 128512K [0x0000000719600000, 0x0000000723c80000, 0x00000007c0000000)
  eden space 128512K, 100% used [0x0000000719600000,0x0000000721380000,0x0000000721380000)
  from space 20992K, 0% used [0x0000000722800000,0x0000000722800000,0x0000000723c80000)
  to   space 20992K, 0% used [0x0000000721380000,0x0000000721380000,0x0000000722800000)
 ParOldGen       total 341504K, used 0K [0x00000005cc200000, 0x00000005e0f80000, 0x0000000719600000)
  object space 341504K, 0% used [0x00000005cc200000,0x00000005cc200000,0x00000005e0f80000)
 Metaspace       used 13169K, capacity 13419K, committed 13696K, reserved 1062912K
  class space    used 964K, capacity 1056K, committed 1152K, reserved 1048576K
Event: 3,056 GC heap after
Heap after GC invocations=1 (full 0):
 PSYoungGen      total 149504K, used 11302K [0x0000000719600000, 0x0000000723c80000, 0x00000007c0000000)
  eden space 128512K, 0% used [0x0000000719600000,0x0000000719600000,0x0000000721380000)
  from space 20992K, 53% used [0x0000000721380000,0x0000000721e89960,0x0000000722800000)
  to   space 20992K, 0% used [0x0000000722800000,0x0000000722800000,0x0000000723c80000)
 ParOldGen       total 341504K, used 24K [0x00000005cc200000, 0x00000005e0f80000, 0x0000000719600000)
  object space 341504K, 0% used [0x00000005cc200000,0x00000005cc206000,0x00000005e0f80000)
 Metaspace       used 13169K, capacity 13419K, committed 13696K, reserved 1062912K
  class space    used 964K, capacity 1056K, committed 1152K, reserved 1048576K
}
Event: 5,896 GC heap before
{Heap before GC invocations=2 (full 0):
 PSYoungGen      total 149504K, used 139814K [0x0000000719600000, 0x0000000723c80000, 0x00000007c0000000)
  eden space 128512K, 100% used [0x0000000719600000,0x0000000721380000,0x0000000721380000)
  from space 20992K, 53% used [0x0000000721380000,0x0000000721e89960,0x0000000722800000)
  to   space 20992K, 0% used [0x0000000722800000,0x0000000722800000,0x0000000723c80000)
 ParOldGen       total 341504K, used 24K [0x00000005cc200000, 0x00000005e0f80000, 0x0000000719600000)
  object space 341504K, 0% used [0x00000005cc200000,0x00000005cc206000,0x00000005e0f80000)
 Metaspace       used 13199K, capacity 13483K, committed 13696K, reserved 1062912K
  class space    used 964K, capacity 1056K, committed 1152K, reserved 1048576K
Event: 5,900 GC heap after
Heap after GC invocations=2 (full 0):
 PSYoungGen      total 149504K, used 6584K [0x0000000719600000, 0x0000000723c80000, 0x00000007c0000000)
  eden space 128512K, 0% used [0x0000000719600000,0x0000000719600000,0x0000000721380000)
  from space 20992K, 31% used [0x0000000722800000,0x0000000722e6e258,0x0000000723c80000)
  to   space 20992K, 0% used [0x0000000721380000,0x0000000721380000,0x0000000722800000)
 ParOldGen       total 341504K, used 32K [0x00000005cc200000, 0x00000005e0f80000, 0x0000000719600000)
  object space 341504K, 0% used [0x00000005cc200000,0x00000005cc208000,0x00000005e0f80000)
 Metaspace       used 13199K, capacity 13483K, committed 13696K, reserved 1062912K
  class space    used 964K, capacity 1056K, committed 1152K, reserved 1048576K
}
Event: 8,751 GC heap before
{Heap before GC invocations=3 (full 0):
 PSYoungGen      total 149504K, used 135096K [0x0000000719600000, 0x0000000723c80000, 0x00000007c0000000)
  eden space 128512K, 100% used [0x0000000719600000,0x0000000721380000,0x0000000721380000)
  from space 20992K, 31% used [0x0000000722800000,0x0000000722e6e258,0x0000000723c80000)
  to   space 20992K, 0% used [0x0000000721380000,0x0000000721380000,0x0000000722800000)
 ParOldGen       total 341504K, used 32K [0x00000005cc200000, 0x00000005e0f80000, 0x0000000719600000)
  object space 341504K, 0% used [0x00000005cc200000,0x00000005cc208000,0x00000005e0f80000)
 Metaspace       used 13203K, capacity 13483K, committed 13696K, reserved 1062912K
  class space    used 964K, capacity 1056K, committed 1152K, reserved 1048576K
Event: 8,755 GC heap after
Heap after GC invocations=3 (full 0):
 PSYoungGen      total 149504K, used 8560K [0x0000000719600000, 0x0000000723c80000, 0x00000007c0000000)
  eden space 128512K, 0% used [0x0000000719600000,0x0000000719600000,0x0000000721380000)
  from space 20992K, 40% used [0x0000000721380000,0x0000000721bdc030,0x0000000722800000)
  to   space 20992K, 0% used [0x0000000722800000,0x0000000722800000,0x0000000723c80000)
 ParOldGen       total 341504K, used 40K [0x00000005cc200000, 0x00000005e0f80000, 0x0000000719600000)
  object space 341504K, 0% used [0x00000005cc200000,0x00000005cc20a000,0x00000005e0f80000)
 Metaspace       used 13203K, capacity 13483K, committed 13696K, reserved 1062912K
  class space    used 964K, capacity 1056K, committed 1152K, reserved 1048576K
}
Event: 11,785 GC heap before
{Heap before GC invocations=4 (full 0):
 PSYoungGen      total 149504K, used 137072K [0x0000000719600000, 0x0000000723c80000, 0x00000007c0000000)
  eden space 128512K, 100% used [0x0000000719600000,0x0000000721380000,0x0000000721380000)
  from space 20992K, 40% used [0x0000000721380000,0x0000000721bdc030,0x0000000722800000)
  to   space 20992K, 0% used [0x0000000722800000,0x0000000722800000,0x0000000723c80000)
 ParOldGen       total 341504K, used 40K [0x00000005cc200000, 0x00000005e0f80000, 0x0000000719600000)
  object space 341504K, 0% used [0x00000005cc200000,0x00000005cc20a000,0x00000005e0f80000)
 Metaspace       used 13203K, capacity 13483K, committed 13696K, reserved 1062912K
  class space    used 964K, capacity 1056K, committed 1152K, reserved 1048576K
Event: 11,789 GC heap after
Heap after GC invocations=4 (full 0):
 PSYoungGen      total 149504K, used 10729K [0x0000000719600000, 0x0000000723c80000, 0x00000007c0000000)
  eden space 128512K, 0% used [0x0000000719600000,0x0000000719600000,0x0000000721380000)
  from space 20992K, 51% used [0x0000000722800000,0x000000072327a510,0x0000000723c80000)
  to   space 20992K, 0% used [0x0000000721380000,0x0000000721380000,0x0000000722800000)
 ParOldGen       total 341504K, used 40K [0x00000005cc200000, 0x00000005e0f80000, 0x0000000719600000)
  object space 341504K, 0% used [0x00000005cc200000,0x00000005cc20a000,0x00000005e0f80000)
 Metaspace       used 13203K, capacity 13483K, committed 13696K, reserved 1062912K
  class space    used 964K, capacity 1056K, committed 1152K, reserved 1048576K
}
Event: 18,543 GC heap before
{Heap before GC invocations=5 (full 0):
 PSYoungGen      total 149504K, used 139241K [0x0000000719600000, 0x0000000723c80000, 0x00000007c0000000)
  eden space 128512K, 100% used [0x0000000719600000,0x0000000721380000,0x0000000721380000)
  from space 20992K, 51% used [0x0000000722800000,0x000000072327a510,0x0000000723c80000)
  to   space 20992K, 0% used [0x0000000721380000,0x0000000721380000,0x0000000722800000)
 ParOldGen       total 341504K, used 40K [0x00000005cc200000, 0x00000005e0f80000, 0x0000000719600000)
  object space 341504K, 0% used [0x00000005cc200000,0x00000005cc20a000,0x00000005e0f80000)
 Metaspace       used 13203K, capacity 13483K, committed 13696K, reserved 1062912K
  class space    used 964K, capacity 1056K, committed 1152K, reserved 1048576K
Event: 18,550 GC heap after
Heap after GC invocations=5 (full 0):
 PSYoungGen      total 138752K, used 12809K [0x0000000719600000, 0x0000000722c80000, 0x00000007c0000000)
  eden space 125440K, 0% used [0x0000000719600000,0x0000000719600000,0x0000000721080000)
  from space 13312K, 96% used [0x0000000721380000,0x0000000722002510,0x0000000722080000)
  to   space 12288K, 0% used [0x0000000722080000,0x0000000722080000,0x0000000722c80000)
 ParOldGen       total 341504K, used 48K [0x00000005cc200000, 0x00000005e0f80000, 0x0000000719600000)
  object space 341504K, 0% used [0x00000005cc200000,0x00000005cc20c000,0x00000005e0f80000)
 Metaspace       used 13203K, capacity 13483K, committed 13696K, reserved 1062912K
  class space    used 964K, capacity 1056K, committed 1152K, reserved 1048576K
}

