# JRE version: OpenJDK Runtime Environment (8.0_232-b09) (build 1.8.0_232-b09)
# Java VM: OpenJDK 64-Bit Server VM (25.232-b09 mixed mode linux-amd64 compressed oops)
Heap:
 PSYoungGen      total 149504K, used 76729K [0x0000000719600000, 0x0000000723c80000, 0x00000007c0000000)
  eden space 128512K, 52% used [0x0000000719600000,0x000000071d87ff28,0x0000000721380000)
  from space 20992K, 41% used [0x0000000721380000,0x0000000721bee520,0x0000000722800000)
  to   space 20992K, 0% used [0x0000000722800000,0x0000000722800000,0x0000000723c80000)
 ParOldGen       total 341504K, used 40K [0x00000005cc200000, 0x00000005e0f80000, 0x0000000719600000)
  object space 341504K, 0% used [0x00000005cc200000,0x00000005cc20a000,0x00000005e0f80000)
 Metaspace       used 13227K, capacity 13483K, committed 13696K, reserved 1062912K
  class space    used 967K, capacity 1056K, committed 1152K, reserved 1048576K
GC Heap History (6 events):
Event: 3,112 GC heap before
{Heap before GC invocations=1 (full 0):
 PSYoungGen      total 149504K, used 128512K [0x0000000719600000, 0x0000000723c80000, 0x00000007c0000000)
  eden space 128512K, 100% used [0x0000000719600000,0x0000000721380000,0x0000000721380000)
  from space 20992K, 0% used [0x0000000722800000,0x0000000722800000,0x0000000723c80000)
  to   space 20992K, 0% used [0x0000000721380000,0x0000000721380000,0x0000000722800000)
 ParOldGen       total 341504K, used 0K [0x00000005cc200000, 0x00000005e0f80000, 0x0000000719600000)
  object space 341504K, 0% used [0x00000005cc200000,0x00000005cc200000,0x00000005e0f80000)
 Metaspace       used 13162K, capacity 13355K, committed 13696K, reserved 1062912K
  class space    used 962K, capacity 1056K, committed 1152K, reserved 1048576K
Event: 3,118 GC heap after
Heap after GC invocations=1 (full 0):
 PSYoungGen      total 149504K, used 11226K [0x0000000719600000, 0x0000000723c80000, 0x00000007c0000000)
  eden space 128512K, 0% used [0x0000000719600000,0x0000000719600000,0x0000000721380000)
  from space 20992K, 53% used [0x0000000721380000,0x0000000721e76aa0,0x0000000722800000)
  to   space 20992K, 0% used [0x0000000722800000,0x0000000722800000,0x0000000723c80000)
 ParOldGen       total 341504K, used 24K [0x00000005cc200000, 0x00000005e0f80000, 0x0000000719600000)
  object space 341504K, 0% used [0x00000005cc200000,0x00000005cc206000,0x00000005e0f80000)
 Metaspace       used 13162K, capacity 13355K, committed 13696K, reserved 1062912K
  class space    used 962K, capacity 1056K, committed 1152K, reserved 1048576K
}
Event: 6,214 GC heap before
{Heap before GC invocations=2 (full 0):
 PSYoungGen      total 149504K, used 139738K [0x0000000719600000, 0x0000000723c80000, 0x00000007c0000000)
  eden space 128512K, 100% used [0x0000000719600000,0x0000000721380000,0x0000000721380000)
  from space 20992K, 53% used [0x0000000721380000,0x0000000721e76aa0,0x0000000722800000)
  to   space 20992K, 0% used [0x0000000722800000,0x0000000722800000,0x0000000723c80000)
 ParOldGen       total 341504K, used 24K [0x00000005cc200000, 0x00000005e0f80000, 0x0000000719600000)
  object space 341504K, 0% used [0x00000005cc200000,0x00000005cc206000,0x00000005e0f80000)
 Metaspace       used 13198K, capacity 13483K, committed 13696K, reserved 1062912K
  class space    used 962K, capacity 1056K, committed 1152K, reserved 1048576K
Event: 6,217 GC heap after
Heap after GC invocations=2 (full 0):
 PSYoungGen      total 149504K, used 6649K [0x0000000719600000, 0x0000000723c80000, 0x00000007c0000000)
  eden space 128512K, 0% used [0x0000000719600000,0x0000000719600000,0x0000000721380000)
  from space 20992K, 31% used [0x0000000722800000,0x0000000722e7e510,0x0000000723c80000)
  to   space 20992K, 0% used [0x0000000721380000,0x0000000721380000,0x0000000722800000)
 ParOldGen       total 341504K, used 32K [0x00000005cc200000, 0x00000005e0f80000, 0x0000000719600000)
  object space 341504K, 0% used [0x00000005cc200000,0x00000005cc208000,0x00000005e0f80000)
 Metaspace       used 13198K, capacity 13483K, committed 13696K, reserved 1062912K
  class space    used 962K, capacity 1056K, committed 1152K, reserved 1048576K
}
Event: 9,188 GC heap before
{Heap before GC invocations=3 (full 0):
 PSYoungGen      total 149504K, used 135161K [0x0000000719600000, 0x0000000723c80000, 0x00000007c0000000)
  eden space 128512K, 100% used [0x0000000719600000,0x0000000721380000,0x0000000721380000)
  from space 20992K, 31% used [0x0000000722800000,0x0000000722e7e510,0x0000000723c80000)
  to   space 20992K, 0% used [0x0000000721380000,0x0000000721380000,0x0000000722800000)
 ParOldGen       total 341504K, used 32K [0x00000005cc200000, 0x00000005e0f80000, 0x0000000719600000)
  object space 341504K, 0% used [0x00000005cc200000,0x00000005cc208000,0x00000005e0f80000)
 Metaspace       used 13200K, capacity 13483K, committed 13696K, reserved 1062912K
  class space    used 962K, capacity 1056K, committed 1152K, reserved 1048576K
Event: 9,192 GC heap after
Heap after GC invocations=3 (full 0):
 PSYoungGen      total 149504K, used 8633K [0x0000000719600000, 0x0000000723c80000, 0x00000007c0000000)
  eden space 128512K, 0% used [0x0000000719600000,0x0000000719600000,0x0000000721380000)
  from space 20992K, 41% used [0x0000000721380000,0x0000000721bee520,0x0000000722800000)
  to   space 20992K, 0% used [0x0000000722800000,0x0000000722800000,0x0000000723c80000)
 ParOldGen       total 341504K, used 40K [0x00000005cc200000, 0x00000005e0f80000, 0x0000000719600000)
  object space 341504K, 0% used [0x00000005cc200000,0x00000005cc20a000,0x00000005e0f80000)
 Metaspace       used 13200K, capacity 13483K, committed 13696K, reserved 1062912K
  class space    used 962K, capacity 1056K, committed 1152K, reserved 1048576K
}

