# JRE version: OpenJDK Runtime Environment (8.0_232-b09) (build 1.8.0_232-b09)
# Java VM: OpenJDK 64-Bit Server VM (25.232-b09 mixed mode linux-amd64 compressed oops)
Heap:
 PSYoungGen      total 149504K, used 54911K [0x0000000719600000, 0x0000000723c80000, 0x00000007c0000000)
  eden space 128512K, 38% used [0x0000000719600000,0x000000071c5c3890,0x0000000721380000)
  from space 20992K, 28% used [0x0000000722800000,0x0000000722ddc718,0x0000000723c80000)
  to   space 20992K, 0% used [0x0000000721380000,0x0000000721380000,0x0000000722800000)
 ParOldGen       total 341504K, used 32K [0x00000005cc200000, 0x00000005e0f80000, 0x0000000719600000)
  object space 341504K, 0% used [0x00000005cc200000,0x00000005cc208000,0x00000005e0f80000)
 Metaspace       used 13175K, capacity 13409K, committed 13696K, reserved 1062912K
  class space    used 962K, capacity 1055K, committed 1152K, reserved 1048576K
GC Heap History (4 events):
Event: 4,642 GC heap before
{Heap before GC invocations=1 (full 0):
 PSYoungGen      total 149504K, used 128512K [0x0000000719600000, 0x0000000723c80000, 0x00000007c0000000)
  eden space 128512K, 100% used [0x0000000719600000,0x0000000721380000,0x0000000721380000)
  from space 20992K, 0% used [0x0000000722800000,0x0000000722800000,0x0000000723c80000)
  to   space 20992K, 0% used [0x0000000721380000,0x0000000721380000,0x0000000722800000)
 ParOldGen       total 341504K, used 0K [0x00000005cc200000, 0x00000005e0f80000, 0x0000000719600000)
  object space 341504K, 0% used [0x00000005cc200000,0x00000005cc200000,0x00000005e0f80000)
 Metaspace       used 13053K, capacity 13277K, committed 13696K, reserved 1062912K
  class space    used 957K, capacity 1055K, committed 1152K, reserved 1048576K
Event: 4,652 GC heap after
Heap after GC invocations=1 (full 0):
 PSYoungGen      total 149504K, used 10792K [0x0000000719600000, 0x0000000723c80000, 0x00000007c0000000)
  eden space 128512K, 0% used [0x0000000719600000,0x0000000719600000,0x0000000721380000)
  from space 20992K, 51% used [0x0000000721380000,0x0000000721e0a3f8,0x0000000722800000)
  to   space 20992K, 0% used [0x0000000722800000,0x0000000722800000,0x0000000723c80000)
 ParOldGen       total 341504K, used 24K [0x00000005cc200000, 0x00000005e0f80000, 0x0000000719600000)
  object space 341504K, 0% used [0x00000005cc200000,0x00000005cc206000,0x00000005e0f80000)
 Metaspace       used 13053K, capacity 13277K, committed 13696K, reserved 1062912K
  class space    used 957K, capacity 1055K, committed 1152K, reserved 1048576K
}
Event: 13,988 GC heap before
{Heap before GC invocations=2 (full 0):
 PSYoungGen      total 149504K, used 139304K [0x0000000719600000, 0x0000000723c80000, 0x00000007c0000000)
  eden space 128512K, 100% used [0x0000000719600000,0x0000000721380000,0x0000000721380000)
  from space 20992K, 51% used [0x0000000721380000,0x0000000721e0a3f8,0x0000000722800000)
  to   space 20992K, 0% used [0x0000000722800000,0x0000000722800000,0x0000000723c80000)
 ParOldGen       total 341504K, used 24K [0x00000005cc200000, 0x00000005e0f80000, 0x0000000719600000)
  object space 341504K, 0% used [0x00000005cc200000,0x00000005cc206000,0x00000005e0f80000)
 Metaspace       used 13133K, capacity 13345K, committed 13696K, reserved 1062912K
  class space    used 957K, capacity 1055K, committed 1152K, reserved 1048576K
Event: 13,993 GC heap after
Heap after GC invocations=2 (full 0):
 PSYoungGen      total 149504K, used 6001K [0x0000000719600000, 0x0000000723c80000, 0x00000007c0000000)
  eden space 128512K, 0% used [0x0000000719600000,0x0000000719600000,0x0000000721380000)
  from space 20992K, 28% used [0x0000000722800000,0x0000000722ddc718,0x0000000723c80000)
  to   space 20992K, 0% used [0x0000000721380000,0x0000000721380000,0x0000000722800000)
 ParOldGen       total 341504K, used 32K [0x00000005cc200000, 0x00000005e0f80000, 0x0000000719600000)
  object space 341504K, 0% used [0x00000005cc200000,0x00000005cc208000,0x00000005e0f80000)
 Metaspace       used 13133K, capacity 13345K, committed 13696K, reserved 1062912K
  class space    used 957K, capacity 1055K, committed 1152K, reserved 1048576K
}

